  capturescreen.cpp
C:\Users\secon\Downloads\dawntriggerbot-main\colorbot v2.0\waloranti\capturescreen.cpp(43,14): warning C4244: 'initializing': conversion from 'double' to 'int', possible loss of data
C:\Users\secon\Downloads\dawntriggerbot-main\colorbot v2.0\waloranti\capturescreen.cpp(52,20): warning C4244: 'initializing': conversion from 'double' to 'int', possible loss of data
C:\Users\secon\Downloads\dawntriggerbot-main\colorbot v2.0\waloranti\capturescreen.cpp(74,14): warning C4244: 'initializing': conversion from 'double' to 'int', possible loss of data
C:\Users\secon\Downloads\dawntriggerbot-main\colorbot v2.0\waloranti\capturescreen.cpp(80,20): warning C4244: 'initializing': conversion from 'double' to 'int', possible loss of data
C:\Users\secon\Downloads\dawntriggerbot-main\colorbot v2.0\waloranti\capturescreen.cpp(88,14): warning C4267: 'initializing': conversion from 'size_t' to 'int', possible loss of data
C:\Users\secon\Downloads\dawntriggerbot-main\colorbot v2.0\waloranti\capturescreen.cpp(88,9): warning C4189: 'size': local variable is initialized but not referenced
  enemy_scanner.cpp
C:\Users\secon\Downloads\dawntriggerbot-main\colorbot v2.0\waloranti\enemy_scanner\enemy_scanner.cpp(149,21): warning C4244: 'initializing': conversion from '_Rep' to 'int', possible loss of data
          with
          [
              _Rep=__int64
          ]
C:\Users\secon\Downloads\dawntriggerbot-main\colorbot v2.0\waloranti\enemy_scanner\enemy_scanner.cpp(174,18): warning C4456: declaration of 'x' hides previous local declaration
C:\Users\secon\Downloads\dawntriggerbot-main\colorbot v2.0\waloranti\enemy_scanner\enemy_scanner.cpp(167,9): message : see declaration of 'x'
C:\Users\secon\Downloads\dawntriggerbot-main\colorbot v2.0\waloranti\enemy_scanner\enemy_scanner.cpp(170,10): warning C4189: 'alreadySet': local variable is initialized but not referenced
C:\Users\secon\Downloads\dawntriggerbot-main\colorbot v2.0\waloranti\enemy_scanner\enemy_scanner.cpp(169,9): warning C4189: 'count2': local variable is initialized but not referenced
C:\Users\secon\Downloads\dawntriggerbot-main\colorbot v2.0\waloranti\enemy_scanner\enemy_scanner.cpp(167,9): warning C4189: 'x': local variable is initialized but not referenced
C:\Users\secon\Downloads\dawntriggerbot-main\colorbot v2.0\waloranti\enemy_scanner\enemy_scanner.cpp(168,9): warning C4189: 'pixel_count': local variable is initialized but not referenced
C:\Users\secon\Downloads\dawntriggerbot-main\colorbot v2.0\waloranti\enemy_scanner\enemy_scanner.cpp(231,18): warning C4456: declaration of 'x' hides previous local declaration
C:\Users\secon\Downloads\dawntriggerbot-main\colorbot v2.0\waloranti\enemy_scanner\enemy_scanner.cpp(223,9): message : see declaration of 'x'
C:\Users\secon\Downloads\dawntriggerbot-main\colorbot v2.0\waloranti\enemy_scanner\enemy_scanner.cpp(226,10): warning C4189: 'alreadySet': local variable is initialized but not referenced
C:\Users\secon\Downloads\dawntriggerbot-main\colorbot v2.0\waloranti\enemy_scanner\enemy_scanner.cpp(225,9): warning C4189: 'count2': local variable is initialized but not referenced
C:\Users\secon\Downloads\dawntriggerbot-main\colorbot v2.0\waloranti\enemy_scanner\enemy_scanner.cpp(223,9): warning C4189: 'x': local variable is initialized but not referenced
C:\Users\secon\Downloads\dawntriggerbot-main\colorbot v2.0\waloranti\enemy_scanner\enemy_scanner.cpp(224,9): warning C4189: 'pixel_count': local variable is initialized but not referenced
C:\Program Files\Microsoft Visual Studio\2022\Community\VC\Tools\MSVC\14.37.32822\atlmfc\include\atlsimpcoll.h(394,12): warning C4459: declaration of 'i' hides global declaration
C:\Users\secon\Downloads\dawntriggerbot-main\colorbot v2.0\waloranti\enemy_scanner\enemy_scanner.cpp(16,5): message : see declaration of 'i'
C:\Program Files\Microsoft Visual Studio\2022\Community\VC\Tools\MSVC\14.37.32822\atlmfc\include\atlsimpcoll.h(390,7): message : while compiling class template member function 'void ATL::CSimpleMap<LPTSTR,LPOLESTR,ATL::CExpansionVectorEqualHelper>::RemoveAll(void)'
C:\Program Files\Microsoft Visual Studio\2022\Community\VC\Tools\MSVC\14.37.32822\atlmfc\include\statreg.h(158,12): message : see the first reference to 'ATL::CSimpleMap<LPTSTR,LPOLESTR,ATL::CExpansionVectorEqualHelper>::RemoveAll' in 'ATL::CExpansionVector::ClearReplacements'
C:\Program Files\Microsoft Visual Studio\2022\Community\VC\Tools\MSVC\14.37.32822\atlmfc\include\statreg.h(99,9): message : see reference to class template instantiation 'ATL::CSimpleMap<LPTSTR,LPOLESTR,ATL::CExpansionVectorEqualHelper>' being compiled
C:\Program Files\Microsoft Visual Studio\2022\Community\VC\Tools\MSVC\14.37.32822\atlmfc\include\atlbase.h(5325,12): warning C4459: declaration of 'i' hides global declaration
C:\Users\secon\Downloads\dawntriggerbot-main\colorbot v2.0\waloranti\enemy_scanner\enemy_scanner.cpp(16,5): message : see declaration of 'i'
C:\Program Files\Microsoft Visual Studio\2022\Community\VC\Tools\MSVC\14.37.32822\atlmfc\include\atlbase.h(5318,11): message : while compiling class template member function 'ATL::CAtlAutoThreadModuleT<ATL::CAtlAutoThreadModule,ATL::CComSimpleThreadAllocator,4294967295>::~CAtlAutoThreadModuleT(void)'
C:\Program Files\Microsoft Visual Studio\2022\Community\VC\Tools\MSVC\14.37.32822\atlmfc\include\atlbase.h(5407,9): message : see reference to class template instantiation 'ATL::CAtlAutoThreadModuleT<ATL::CAtlAutoThreadModule,ATL::CComSimpleThreadAllocator,4294967295>' being compiled
C:\Program Files\Microsoft Visual Studio\2022\Community\VC\Tools\MSVC\14.37.32822\atlmfc\include\atlsimpcoll.h(218,12): warning C4459: declaration of 'i' hides global declaration
C:\Users\secon\Downloads\dawntriggerbot-main\colorbot v2.0\waloranti\enemy_scanner\enemy_scanner.cpp(16,5): message : see declaration of 'i'
C:\Program Files\Microsoft Visual Studio\2022\Community\VC\Tools\MSVC\14.37.32822\atlmfc\include\atlsimpcoll.h(214,7): message : while compiling class template member function 'void ATL::CSimpleArray<ATOM,ATL::CSimpleArrayEqualHelper<T>>::RemoveAll(void)'
          with
          [
              T=ATOM
          ]
C:\Program Files\Microsoft Visual Studio\2022\Community\VC\Tools\MSVC\14.37.32822\atlmfc\include\atlbase.h(7665,44): message : see the first reference to 'ATL::CSimpleArray<ATOM,ATL::CSimpleArrayEqualHelper<T>>::RemoveAll' in 'ATL::AtlWinModuleTerm'
          with
          [
              T=ATOM
          ]
C:\Program Files\Microsoft Visual Studio\2022\Community\VC\Tools\MSVC\14.37.32822\atlmfc\include\atlbase.h(505,21): message : see reference to class template instantiation 'ATL::CSimpleArray<ATOM,ATL::CSimpleArrayEqualHelper<T>>' being compiled
          with
          [
              T=ATOM
          ]
C:\Program Files\Microsoft Visual Studio\2022\Community\VC\Tools\MSVC\14.37.32822\atlmfc\include\atlsimpcoll.h(456,11): warning C4459: declaration of 'i' hides global declaration
C:\Users\secon\Downloads\dawntriggerbot-main\colorbot v2.0\waloranti\enemy_scanner\enemy_scanner.cpp(16,5): message : see declaration of 'i'
C:\Program Files\Microsoft Visual Studio\2022\Community\VC\Tools\MSVC\14.37.32822\atlmfc\include\atlsimpcoll.h(454,6): message : while compiling class template member function 'int ATL::CSimpleMap<LPTSTR,LPOLESTR,ATL::CExpansionVectorEqualHelper>::FindKey(const TKey &) const'
          with
          [
              TKey=LPTSTR
          ]
C:\Program Files\Microsoft Visual Studio\2022\Community\VC\Tools\MSVC\14.37.32822\atlmfc\include\atlsimpcoll.h(425,14): message : see the first reference to 'ATL::CSimpleMap<LPTSTR,LPOLESTR,ATL::CExpansionVectorEqualHelper>::FindKey' in 'ATL::CSimpleMap<LPTSTR,LPOLESTR,ATL::CExpansionVectorEqualHelper>::Lookup'
C:\Program Files\Microsoft Visual Studio\2022\Community\VC\Tools\MSVC\14.37.32822\atlmfc\include\statreg.h(652,17): message : see the first reference to 'ATL::CSimpleMap<LPTSTR,LPOLESTR,ATL::CExpansionVectorEqualHelper>::Lookup' in 'ATL::CRegObject::StrFromMap'
  keyAuth.cpp
  main.cpp
C:\Users\secon\Downloads\dawntriggerbot-main\colorbot v2.0\waloranti\main.cpp(59,5): error C4235: nonstandard extension used: '__asm' keyword not supported on this architecture
C:\Users\secon\Downloads\dawntriggerbot-main\colorbot v2.0\waloranti\main.cpp(60,9): error C2065: 'mov': undeclared identifier
C:\Users\secon\Downloads\dawntriggerbot-main\colorbot v2.0\waloranti\main.cpp(60,13): error C2146: syntax error: missing ';' before identifier 'eax'
C:\Users\secon\Downloads\dawntriggerbot-main\colorbot v2.0\waloranti\main.cpp(60,13): error C2065: 'eax': undeclared identifier
C:\Users\secon\Downloads\dawntriggerbot-main\colorbot v2.0\waloranti\main.cpp(60,18): error C2065: 'dword': undeclared identifier
C:\Users\secon\Downloads\dawntriggerbot-main\colorbot v2.0\waloranti\main.cpp(60,24): error C2146: syntax error: missing ';' before identifier 'ptr'
C:\Users\secon\Downloads\dawntriggerbot-main\colorbot v2.0\waloranti\main.cpp(60,24): error C2065: 'ptr': undeclared identifier
C:\Users\secon\Downloads\dawntriggerbot-main\colorbot v2.0\waloranti\main.cpp(60,28): error C2146: syntax error: missing ';' before identifier 'fs'
C:\Users\secon\Downloads\dawntriggerbot-main\colorbot v2.0\waloranti\main.cpp(60,34): error C3409: empty attribute block is not allowed
C:\Users\secon\Downloads\dawntriggerbot-main\colorbot v2.0\waloranti\main.cpp(60,34): error C2143: syntax error: missing ']' before 'user-defined literal'
C:\Users\secon\Downloads\dawntriggerbot-main\colorbot v2.0\waloranti\main.cpp(60,34): error C2059: syntax error: 'user-defined literal'
  gui.cpp
  utilities.cpp
C:\Users\secon\Downloads\dawntriggerbot-main\colorbot v2.0\waloranti\utilities\utilities.cpp(41,79): warning C4267: 'argument': conversion from 'size_t' to 'int', possible loss of data
  Generating Code...
