  capturescreen.cpp
C:\Users\Boden\Documents\colorbot1\waloranti\capturescreen.cpp(47,14): warning C4244: 'initializing': conversion from 'double' to 'int', possible loss of data
C:\Users\Boden\Documents\colorbot1\waloranti\capturescreen.cpp(55,20): warning C4244: 'initializing': conversion from 'double' to 'int', possible loss of data
C:\Users\Boden\Documents\colorbot1\waloranti\capturescreen.cpp(80,14): warning C4244: 'initializing': conversion from 'double' to 'int', possible loss of data
C:\Users\Boden\Documents\colorbot1\waloranti\capturescreen.cpp(87,20): warning C4244: 'initializing': conversion from 'double' to 'int', possible loss of data
C:\Users\Boden\Documents\colorbot1\waloranti\capturescreen.cpp(96,14): warning C4267: 'initializing': conversion from 'size_t' to 'int', possible loss of data
C:\Users\Boden\Documents\colorbot1\waloranti\capturescreen.cpp(96,9): warning C4189: 'size': local variable is initialized but not referenced
  enemy_scanner.cpp
C:\Users\Boden\Documents\colorbot1\waloranti\enemy_scanner\enemy_scanner.cpp(101,17): warning C4459: declaration of 'i' hides global declaration
C:\Users\Boden\Documents\colorbot1\waloranti\enemy_scanner\enemy_scanner.cpp(13,5): message : see declaration of 'i'
C:\Users\Boden\Documents\colorbot1\waloranti\enemy_scanner\enemy_scanner.cpp(130,21): warning C4244: 'initializing': conversion from '_Rep' to 'int', possible loss of data
          with
          [
              _Rep=__int64
          ]
C:\Users\Boden\Documents\colorbot1\waloranti\enemy_scanner\enemy_scanner.cpp(149,22): warning C4459: declaration of 'i' hides global declaration
C:\Users\Boden\Documents\colorbot1\waloranti\enemy_scanner\enemy_scanner.cpp(13,5): message : see declaration of 'i'
C:\Program Files\Microsoft Visual Studio\2022\Community\VC\Tools\MSVC\14.36.32532\atlmfc\include\atlsimpcoll.h(394,12): warning C4459: declaration of 'i' hides global declaration
C:\Users\Boden\Documents\colorbot1\waloranti\enemy_scanner\enemy_scanner.cpp(13,5): message : see declaration of 'i'
C:\Program Files\Microsoft Visual Studio\2022\Community\VC\Tools\MSVC\14.36.32532\atlmfc\include\atlsimpcoll.h(390,7): message : while compiling class template member function 'void ATL::CSimpleMap<LPTSTR,LPOLESTR,ATL::CExpansionVectorEqualHelper>::RemoveAll(void)'
C:\Program Files\Microsoft Visual Studio\2022\Community\VC\Tools\MSVC\14.36.32532\atlmfc\include\statreg.h(158,12): message : see the first reference to 'ATL::CSimpleMap<LPTSTR,LPOLESTR,ATL::CExpansionVectorEqualHelper>::RemoveAll' in 'ATL::CExpansionVector::ClearReplacements'
C:\Program Files\Microsoft Visual Studio\2022\Community\VC\Tools\MSVC\14.36.32532\atlmfc\include\statreg.h(99,9): message : see reference to class template instantiation 'ATL::CSimpleMap<LPTSTR,LPOLESTR,ATL::CExpansionVectorEqualHelper>' being compiled
C:\Program Files\Microsoft Visual Studio\2022\Community\VC\Tools\MSVC\14.36.32532\atlmfc\include\atlbase.h(5325,12): warning C4459: declaration of 'i' hides global declaration
C:\Users\Boden\Documents\colorbot1\waloranti\enemy_scanner\enemy_scanner.cpp(13,5): message : see declaration of 'i'
C:\Program Files\Microsoft Visual Studio\2022\Community\VC\Tools\MSVC\14.36.32532\atlmfc\include\atlbase.h(5318,11): message : while compiling class template member function 'ATL::CAtlAutoThreadModuleT<ATL::CAtlAutoThreadModule,ATL::CComSimpleThreadAllocator,4294967295>::~CAtlAutoThreadModuleT(void)'
C:\Program Files\Microsoft Visual Studio\2022\Community\VC\Tools\MSVC\14.36.32532\atlmfc\include\atlbase.h(5407,9): message : see reference to class template instantiation 'ATL::CAtlAutoThreadModuleT<ATL::CAtlAutoThreadModule,ATL::CComSimpleThreadAllocator,4294967295>' being compiled
C:\Program Files\Microsoft Visual Studio\2022\Community\VC\Tools\MSVC\14.36.32532\atlmfc\include\atlsimpcoll.h(218,12): warning C4459: declaration of 'i' hides global declaration
C:\Users\Boden\Documents\colorbot1\waloranti\enemy_scanner\enemy_scanner.cpp(13,5): message : see declaration of 'i'
C:\Program Files\Microsoft Visual Studio\2022\Community\VC\Tools\MSVC\14.36.32532\atlmfc\include\atlsimpcoll.h(214,7): message : while compiling class template member function 'void ATL::CSimpleArray<ATOM,ATL::CSimpleArrayEqualHelper<T>>::RemoveAll(void)'
          with
          [
              T=ATOM
          ]
C:\Program Files\Microsoft Visual Studio\2022\Community\VC\Tools\MSVC\14.36.32532\atlmfc\include\atlbase.h(7665,44): message : see the first reference to 'ATL::CSimpleArray<ATOM,ATL::CSimpleArrayEqualHelper<T>>::RemoveAll' in 'ATL::AtlWinModuleTerm'
          with
          [
              T=ATOM
          ]
C:\Program Files\Microsoft Visual Studio\2022\Community\VC\Tools\MSVC\14.36.32532\atlmfc\include\atlbase.h(505,21): message : see reference to class template instantiation 'ATL::CSimpleArray<ATOM,ATL::CSimpleArrayEqualHelper<T>>' being compiled
          with
          [
              T=ATOM
          ]
C:\Program Files\Microsoft Visual Studio\2022\Community\VC\Tools\MSVC\14.36.32532\atlmfc\include\atlsimpcoll.h(456,11): warning C4459: declaration of 'i' hides global declaration
C:\Users\Boden\Documents\colorbot1\waloranti\enemy_scanner\enemy_scanner.cpp(13,5): message : see declaration of 'i'
C:\Program Files\Microsoft Visual Studio\2022\Community\VC\Tools\MSVC\14.36.32532\atlmfc\include\atlsimpcoll.h(454,6): message : while compiling class template member function 'int ATL::CSimpleMap<LPTSTR,LPOLESTR,ATL::CExpansionVectorEqualHelper>::FindKey(const TKey &) const'
          with
          [
              TKey=LPTSTR
          ]
C:\Program Files\Microsoft Visual Studio\2022\Community\VC\Tools\MSVC\14.36.32532\atlmfc\include\atlsimpcoll.h(425,14): message : see the first reference to 'ATL::CSimpleMap<LPTSTR,LPOLESTR,ATL::CExpansionVectorEqualHelper>::FindKey' in 'ATL::CSimpleMap<LPTSTR,LPOLESTR,ATL::CExpansionVectorEqualHelper>::Lookup'
C:\Program Files\Microsoft Visual Studio\2022\Community\VC\Tools\MSVC\14.36.32532\atlmfc\include\statreg.h(649,17): message : see the first reference to 'ATL::CSimpleMap<LPTSTR,LPOLESTR,ATL::CExpansionVectorEqualHelper>::Lookup' in 'ATL::CRegObject::StrFromMap'
  keyAuth.cpp
  main.cpp
C:\Users\Boden\Documents\colorbot1\waloranti\main.cpp(54,9): warning C4189: 'shoot_delay_in_ms': local variable is initialized but not referenced
C:\Users\Boden\Documents\colorbot1\waloranti\main.cpp(58,9): warning C4189: 'smooth': local variable is initialized but not referenced
C:\Users\Boden\Documents\colorbot1\waloranti\main.cpp(62,13): warning C4189: 'windowName': local variable is initialized but not referenced
C:\Users\Boden\Documents\colorbot1\waloranti\main.cpp(57,9): warning C4189: 'fov': local variable is initialized but not referenced
  gui.cpp
  utilities.cpp
C:\Users\Boden\Documents\colorbot1\waloranti\utilities\utilities.cpp(40,76): warning C4267: 'argument': conversion from 'size_t' to 'int', possible loss of data
  Generating Code...
library_x64.lib(auth.obj) : error LNK2038: mismatch detected for '_ITERATOR_DEBUG_LEVEL': value '0' doesn't match value '2' in capturescreen.obj
library_x64.lib(auth.obj) : error LNK2038: mismatch detected for 'RuntimeLibrary': value 'MD_DynamicRelease' doesn't match value 'MDd_DynamicDebug' in capturescreen.obj
library_x64.lib(utils.obj) : error LNK2038: mismatch detected for '_ITERATOR_DEBUG_LEVEL': value '0' doesn't match value '2' in capturescreen.obj
library_x64.lib(utils.obj) : error LNK2038: mismatch detected for 'RuntimeLibrary': value 'MD_DynamicRelease' doesn't match value 'MDd_DynamicDebug' in capturescreen.obj
LINK : warning LNK4098: defaultlib 'MSVCRT' conflicts with use of other libs; use /NODEFAULTLIB:library
C:\Users\Boden\Documents\colorbot1\Debug\waloranti.exe : fatal error LNK1319: 4 mismatches detected
